<?xml version="1.0" encoding="UTF-8"?>
<testsuite name="com.sensors.sensors.TestMainVerticle" tests="1" skipped="0" failures="0" errors="0" timestamp="2022-02-20T08:08:17" hostname="C02GL091MD6V" time="0.412">
  <properties/>
  <testcase name="verticle_deployed(Vertx, VertxTestContext)" classname="com.sensors.sensors.TestMainVerticle" time="0.412"/>
  <system-out><![CDATA[[DEBUG] 2022-02-20 19:08:17.338 [Test worker] LoggerFactory - Using io.vertx.core.logging.Log4j2LogDelegateFactory
[DEBUG] 2022-02-20 19:08:17.366 [Test worker] InternalLoggerFactory - Using Log4J2 as the default logging framework
[DEBUG] 2022-02-20 19:08:17.369 [Test worker] PlatformDependent0 - -Dio.netty.noUnsafe: false
[DEBUG] 2022-02-20 19:08:17.370 [Test worker] PlatformDependent0 - Java version: 17
[DEBUG] 2022-02-20 19:08:17.370 [Test worker] PlatformDependent0 - sun.misc.Unsafe.theUnsafe: available
[DEBUG] 2022-02-20 19:08:17.371 [Test worker] PlatformDependent0 - sun.misc.Unsafe.copyMemory: available
[DEBUG] 2022-02-20 19:08:17.371 [Test worker] PlatformDependent0 - java.nio.Buffer.address: available
[DEBUG] 2022-02-20 19:08:17.372 [Test worker] PlatformDependent0 - direct buffer constructor: unavailable: Reflective setAccessible(true) disabled
[DEBUG] 2022-02-20 19:08:17.372 [Test worker] PlatformDependent0 - java.nio.Bits.unaligned: available, true
[DEBUG] 2022-02-20 19:08:17.373 [Test worker] PlatformDependent0 - jdk.internal.misc.Unsafe.allocateUninitializedArray(int): unavailable: class io.netty.util.internal.PlatformDependent0$6 cannot access class jdk.internal.misc.Unsafe (in module java.base) because module java.base does not export jdk.internal.misc to unnamed module @d35dea7
[DEBUG] 2022-02-20 19:08:17.374 [Test worker] PlatformDependent0 - java.nio.DirectByteBuffer.<init>(long, int): unavailable
[DEBUG] 2022-02-20 19:08:17.374 [Test worker] PlatformDependent - sun.misc.Unsafe: available
[DEBUG] 2022-02-20 19:08:17.375 [Test worker] PlatformDependent - maxDirectMemory: 536870912 bytes (maybe)
[DEBUG] 2022-02-20 19:08:17.375 [Test worker] PlatformDependent - -Dio.netty.tmpdir: /var/folders/2j/ccv5yd8s2vj7f25855d4z6kw0000gq/T (java.io.tmpdir)
[DEBUG] 2022-02-20 19:08:17.375 [Test worker] PlatformDependent - -Dio.netty.bitMode: 64 (sun.arch.data.model)
[DEBUG] 2022-02-20 19:08:17.375 [Test worker] PlatformDependent - Platform: MacOS
[DEBUG] 2022-02-20 19:08:17.376 [Test worker] PlatformDependent - -Dio.netty.maxDirectMemory: -1 bytes
[DEBUG] 2022-02-20 19:08:17.376 [Test worker] PlatformDependent - -Dio.netty.uninitializedArrayAllocationThreshold: -1
[DEBUG] 2022-02-20 19:08:17.377 [Test worker] CleanerJava9 - java.nio.ByteBuffer.cleaner(): available
[DEBUG] 2022-02-20 19:08:17.378 [Test worker] PlatformDependent - -Dio.netty.noPreferDirect: false
[DEBUG] 2022-02-20 19:08:17.388 [Test worker] ResourceLeakDetector - -Dio.netty.leakDetection.level: simple
[DEBUG] 2022-02-20 19:08:17.388 [Test worker] ResourceLeakDetector - -Dio.netty.leakDetection.targetRecords: 4
[DEBUG] 2022-02-20 19:08:17.402 [Test worker] MultithreadEventLoopGroup - -Dio.netty.eventLoopThreads: 24
[DEBUG] 2022-02-20 19:08:17.417 [Test worker] InternalThreadLocalMap - -Dio.netty.threadLocalMap.stringBuilder.initialSize: 1024
[DEBUG] 2022-02-20 19:08:17.418 [Test worker] InternalThreadLocalMap - -Dio.netty.threadLocalMap.stringBuilder.maxSize: 4096
[DEBUG] 2022-02-20 19:08:17.423 [Test worker] NioEventLoop - -Dio.netty.noKeySetOptimization: false
[DEBUG] 2022-02-20 19:08:17.423 [Test worker] NioEventLoop - -Dio.netty.selectorAutoRebuildThreshold: 512
[DEBUG] 2022-02-20 19:08:17.428 [Test worker] PlatformDependent - org.jctools-core.MpscChunkedArrayQueue: available
[DEBUG] 2022-02-20 19:08:17.444 [Test worker] DefaultDnsServerAddressStreamProvider - Default DNS servers: [/127.0.0.1:53] (sun.net.dns.ResolverConfiguration)
[DEBUG] 2022-02-20 19:08:17.448 [Test worker] NetUtil - -Djava.net.preferIPv4Stack: false
[DEBUG] 2022-02-20 19:08:17.448 [Test worker] NetUtil - -Djava.net.preferIPv6Addresses: false
[DEBUG] 2022-02-20 19:08:17.454 [Test worker] NetUtilInitializations - Loopback interface: lo0 (lo0, 0:0:0:0:0:0:0:1%lo0)
[DEBUG] 2022-02-20 19:08:17.454 [Test worker] NetUtil - Failed to get SOMAXCONN from sysctl and file /proc/sys/net/core/somaxconn. Default: 128
]]></system-out>
  <system-err><![CDATA[]]></system-err>
</testsuite>
