<?xml version="1.0" encoding="UTF-8"?>
<testsuite name="com.sensors.sensors.TestMainVerticle" tests="1" skipped="0" failures="0" errors="0" timestamp="2022-02-14T05:50:19" hostname="8919-agoh" time="0.283">
  <properties/>
  <testcase name="verticle_deployed(Vertx, VertxTestContext)" classname="com.sensors.sensors.TestMainVerticle" time="0.283"/>
  <system-out><![CDATA[]]></system-out>
  <system-err><![CDATA[]]></system-err>
</testsuite>
