<?xml version="1.0" encoding="UTF-8"?>
<testsuite name="com.zendesk.horoscopes.TestMainVerticle" tests="1" skipped="0" failures="0" errors="0" timestamp="2022-02-21T02:36:56" hostname="C02GL091MD6V" time="0.412">
  <properties/>
  <testcase name="verticle_deployed(Vertx, VertxTestContext)" classname="com.zendesk.horoscopes.TestMainVerticle" time="0.412"/>
  <system-out><![CDATA[[?[37m2022-02-21 13:36:56,816 [Test worker] DEBUG] 2022-02-21 13:36:56.816 [Test worker] LoggerFactory - Using io.vertx.core.logging.Log4j2LogDelegateFactory
?[m[?[37m2022-02-21 13:36:56,846 [Test worker] DEBUG] 2022-02-21 13:36:56.846 [Test worker] InternalLoggerFactory - Using Log4J2 as the default logging framework
?[m[?[37m2022-02-21 13:36:56,849 [Test worker] DEBUG] 2022-02-21 13:36:56.849 [Test worker] PlatformDependent0 - -Dio.netty.noUnsafe: false
?[m[?[37m2022-02-21 13:36:56,849 [Test worker] DEBUG] 2022-02-21 13:36:56.849 [Test worker] PlatformDependent0 - Java version: 17
?[m[?[37m2022-02-21 13:36:56,850 [Test worker] DEBUG] 2022-02-21 13:36:56.850 [Test worker] PlatformDependent0 - sun.misc.Unsafe.theUnsafe: available
?[m[?[37m2022-02-21 13:36:56,850 [Test worker] DEBUG] 2022-02-21 13:36:56.850 [Test worker] PlatformDependent0 - sun.misc.Unsafe.copyMemory: available
?[m[?[37m2022-02-21 13:36:56,851 [Test worker] DEBUG] 2022-02-21 13:36:56.851 [Test worker] PlatformDependent0 - java.nio.Buffer.address: available
?[m[?[37m2022-02-21 13:36:56,851 [Test worker] DEBUG] 2022-02-21 13:36:56.851 [Test worker] PlatformDependent0 - direct buffer constructor: unavailable: Reflective setAccessible(true) disabled
?[m[?[37m2022-02-21 13:36:56,852 [Test worker] DEBUG] 2022-02-21 13:36:56.852 [Test worker] PlatformDependent0 - java.nio.Bits.unaligned: available, true
?[m[?[37m2022-02-21 13:36:56,852 [Test worker] DEBUG] 2022-02-21 13:36:56.852 [Test worker] PlatformDependent0 - jdk.internal.misc.Unsafe.allocateUninitializedArray(int): unavailable: class io.netty.util.internal.PlatformDependent0$6 cannot access class jdk.internal.misc.Unsafe (in module java.base) because module java.base does not export jdk.internal.misc to unnamed module @8c3b9d
?[m[?[37m2022-02-21 13:36:56,853 [Test worker] DEBUG] 2022-02-21 13:36:56.853 [Test worker] PlatformDependent0 - java.nio.DirectByteBuffer.<init>(long, int): unavailable
?[m[?[37m2022-02-21 13:36:56,853 [Test worker] DEBUG] 2022-02-21 13:36:56.853 [Test worker] PlatformDependent - sun.misc.Unsafe: available
?[m[?[37m2022-02-21 13:36:56,854 [Test worker] DEBUG] 2022-02-21 13:36:56.854 [Test worker] PlatformDependent - maxDirectMemory: 536870912 bytes (maybe)
?[m[?[37m2022-02-21 13:36:56,854 [Test worker] DEBUG] 2022-02-21 13:36:56.854 [Test worker] PlatformDependent - -Dio.netty.tmpdir: /var/folders/2j/ccv5yd8s2vj7f25855d4z6kw0000gq/T (java.io.tmpdir)
?[m[?[37m2022-02-21 13:36:56,854 [Test worker] DEBUG] 2022-02-21 13:36:56.854 [Test worker] PlatformDependent - -Dio.netty.bitMode: 64 (sun.arch.data.model)
?[m[?[37m2022-02-21 13:36:56,855 [Test worker] DEBUG] 2022-02-21 13:36:56.855 [Test worker] PlatformDependent - Platform: MacOS
?[m[?[37m2022-02-21 13:36:56,855 [Test worker] DEBUG] 2022-02-21 13:36:56.855 [Test worker] PlatformDependent - -Dio.netty.maxDirectMemory: -1 bytes
?[m[?[37m2022-02-21 13:36:56,855 [Test worker] DEBUG] 2022-02-21 13:36:56.855 [Test worker] PlatformDependent - -Dio.netty.uninitializedArrayAllocationThreshold: -1
?[m[?[37m2022-02-21 13:36:56,856 [Test worker] DEBUG] 2022-02-21 13:36:56.856 [Test worker] CleanerJava9 - java.nio.ByteBuffer.cleaner(): available
?[m[?[37m2022-02-21 13:36:56,856 [Test worker] DEBUG] 2022-02-21 13:36:56.856 [Test worker] PlatformDependent - -Dio.netty.noPreferDirect: false
?[m[?[37m2022-02-21 13:36:56,865 [Test worker] DEBUG] 2022-02-21 13:36:56.865 [Test worker] ResourceLeakDetector - -Dio.netty.leakDetection.level: simple
?[m[?[37m2022-02-21 13:36:56,865 [Test worker] DEBUG] 2022-02-21 13:36:56.865 [Test worker] ResourceLeakDetector - -Dio.netty.leakDetection.targetRecords: 4
?[m[?[37m2022-02-21 13:36:56,877 [Test worker] DEBUG] 2022-02-21 13:36:56.877 [Test worker] MultithreadEventLoopGroup - -Dio.netty.eventLoopThreads: 24
?[m[?[37m2022-02-21 13:36:56,887 [Test worker] DEBUG] 2022-02-21 13:36:56.887 [Test worker] InternalThreadLocalMap - -Dio.netty.threadLocalMap.stringBuilder.initialSize: 1024
?[m[?[37m2022-02-21 13:36:56,888 [Test worker] DEBUG] 2022-02-21 13:36:56.888 [Test worker] InternalThreadLocalMap - -Dio.netty.threadLocalMap.stringBuilder.maxSize: 4096
?[m[?[37m2022-02-21 13:36:56,892 [Test worker] DEBUG] 2022-02-21 13:36:56.892 [Test worker] NioEventLoop - -Dio.netty.noKeySetOptimization: false
?[m[?[37m2022-02-21 13:36:56,892 [Test worker] DEBUG] 2022-02-21 13:36:56.892 [Test worker] NioEventLoop - -Dio.netty.selectorAutoRebuildThreshold: 512
?[m[?[37m2022-02-21 13:36:56,896 [Test worker] DEBUG] 2022-02-21 13:36:56.896 [Test worker] PlatformDependent - org.jctools-core.MpscChunkedArrayQueue: available
?[m[?[37m2022-02-21 13:36:56,911 [Test worker] DEBUG] 2022-02-21 13:36:56.911 [Test worker] DefaultDnsServerAddressStreamProvider - Default DNS servers: [/127.0.0.1:53] (sun.net.dns.ResolverConfiguration)
?[m[?[37m2022-02-21 13:36:56,915 [Test worker] DEBUG] 2022-02-21 13:36:56.915 [Test worker] NetUtil - -Djava.net.preferIPv4Stack: false
?[m[?[37m2022-02-21 13:36:56,915 [Test worker] DEBUG] 2022-02-21 13:36:56.915 [Test worker] NetUtil - -Djava.net.preferIPv6Addresses: false
?[m[?[37m2022-02-21 13:36:56,920 [Test worker] DEBUG] 2022-02-21 13:36:56.920 [Test worker] NetUtilInitializations - Loopback interface: lo0 (lo0, 0:0:0:0:0:0:0:1%lo0)
?[m[?[37m2022-02-21 13:36:56,921 [Test worker] DEBUG] 2022-02-21 13:36:56.921 [Test worker] NetUtil - Failed to get SOMAXCONN from sysctl and file /proc/sys/net/core/somaxconn. Default: 128
?[m]]></system-out>
  <system-err><![CDATA[]]></system-err>
</testsuite>
