<?xml version="1.0" encoding="UTF-8"?>
<testsuite name="com.sensors.sensors.TestMainVerticle" tests="1" skipped="0" failures="0" errors="0" timestamp="2022-02-21T02:19:17" hostname="8919-agoh" time="0.621">
  <properties/>
  <testcase name="verticle_deployed(Vertx, VertxTestContext)" classname="com.sensors.sensors.TestMainVerticle" time="0.621"/>
  <system-out><![CDATA[[?[37m2022-02-21 13:19:18,065 [Test worker] DEBUG] 2022-02-21 13:19:18.065 [Test worker] LoggerFactory - Using io.vertx.core.logging.Log4j2LogDelegateFactory
?[m[?[37m2022-02-21 13:19:18,144 [Test worker] DEBUG] 2022-02-21 13:19:18.144 [Test worker] InternalLoggerFactory - Using Log4J2 as the default logging framework
?[m[?[37m2022-02-21 13:19:18,149 [Test worker] DEBUG] 2022-02-21 13:19:18.149 [Test worker] PlatformDependent0 - -Dio.netty.noUnsafe: false
?[m[?[37m2022-02-21 13:19:18,149 [Test worker] DEBUG] 2022-02-21 13:19:18.149 [Test worker] PlatformDependent0 - Java version: 17
?[m[?[37m2022-02-21 13:19:18,150 [Test worker] DEBUG] 2022-02-21 13:19:18.150 [Test worker] PlatformDependent0 - sun.misc.Unsafe.theUnsafe: available
?[m[?[37m2022-02-21 13:19:18,150 [Test worker] DEBUG] 2022-02-21 13:19:18.150 [Test worker] PlatformDependent0 - sun.misc.Unsafe.copyMemory: available
?[m[?[37m2022-02-21 13:19:18,151 [Test worker] DEBUG] 2022-02-21 13:19:18.151 [Test worker] PlatformDependent0 - java.nio.Buffer.address: available
?[m[?[37m2022-02-21 13:19:18,151 [Test worker] DEBUG] 2022-02-21 13:19:18.151 [Test worker] PlatformDependent0 - direct buffer constructor: unavailable: Reflective setAccessible(true) disabled
?[m[?[37m2022-02-21 13:19:18,152 [Test worker] DEBUG] 2022-02-21 13:19:18.152 [Test worker] PlatformDependent0 - java.nio.Bits.unaligned: available, true
?[m[?[37m2022-02-21 13:19:18,153 [Test worker] DEBUG] 2022-02-21 13:19:18.153 [Test worker] PlatformDependent0 - jdk.internal.misc.Unsafe.allocateUninitializedArray(int): unavailable: class io.netty.util.internal.PlatformDependent0$6 cannot access class jdk.internal.misc.Unsafe (in module java.base) because module java.base does not export jdk.internal.misc to unnamed module @ed7f8b4
?[m[?[37m2022-02-21 13:19:18,153 [Test worker] DEBUG] 2022-02-21 13:19:18.153 [Test worker] PlatformDependent0 - java.nio.DirectByteBuffer.<init>(long, int): unavailable
?[m[?[37m2022-02-21 13:19:18,154 [Test worker] DEBUG] 2022-02-21 13:19:18.154 [Test worker] PlatformDependent - sun.misc.Unsafe: available
?[m[?[37m2022-02-21 13:19:18,154 [Test worker] DEBUG] 2022-02-21 13:19:18.154 [Test worker] PlatformDependent - maxDirectMemory: 536870912 bytes (maybe)
?[m[?[37m2022-02-21 13:19:18,154 [Test worker] DEBUG] 2022-02-21 13:19:18.154 [Test worker] PlatformDependent - -Dio.netty.tmpdir: /var/folders/_q/31l9jkbd1v95cxnqqs8blftc0000gp/T (java.io.tmpdir)
?[m[?[37m2022-02-21 13:19:18,155 [Test worker] DEBUG] 2022-02-21 13:19:18.155 [Test worker] PlatformDependent - -Dio.netty.bitMode: 64 (sun.arch.data.model)
?[m[?[37m2022-02-21 13:19:18,155 [Test worker] DEBUG] 2022-02-21 13:19:18.155 [Test worker] PlatformDependent - Platform: MacOS
?[m[?[37m2022-02-21 13:19:18,156 [Test worker] DEBUG] 2022-02-21 13:19:18.156 [Test worker] PlatformDependent - -Dio.netty.maxDirectMemory: -1 bytes
?[m[?[37m2022-02-21 13:19:18,156 [Test worker] DEBUG] 2022-02-21 13:19:18.156 [Test worker] PlatformDependent - -Dio.netty.uninitializedArrayAllocationThreshold: -1
?[m[?[37m2022-02-21 13:19:18,157 [Test worker] DEBUG] 2022-02-21 13:19:18.157 [Test worker] CleanerJava9 - java.nio.ByteBuffer.cleaner(): available
?[m[?[37m2022-02-21 13:19:18,157 [Test worker] DEBUG] 2022-02-21 13:19:18.157 [Test worker] PlatformDependent - -Dio.netty.noPreferDirect: false
?[m[?[37m2022-02-21 13:19:18,168 [Test worker] DEBUG] 2022-02-21 13:19:18.168 [Test worker] ResourceLeakDetector - -Dio.netty.leakDetection.level: simple
?[m[?[37m2022-02-21 13:19:18,168 [Test worker] DEBUG] 2022-02-21 13:19:18.168 [Test worker] ResourceLeakDetector - -Dio.netty.leakDetection.targetRecords: 4
?[m[?[37m2022-02-21 13:19:18,184 [Test worker] DEBUG] 2022-02-21 13:19:18.184 [Test worker] MultithreadEventLoopGroup - -Dio.netty.eventLoopThreads: 32
?[m[?[37m2022-02-21 13:19:18,201 [Test worker] DEBUG] 2022-02-21 13:19:18.201 [Test worker] InternalThreadLocalMap - -Dio.netty.threadLocalMap.stringBuilder.initialSize: 1024
?[m[?[37m2022-02-21 13:19:18,201 [Test worker] DEBUG] 2022-02-21 13:19:18.201 [Test worker] InternalThreadLocalMap - -Dio.netty.threadLocalMap.stringBuilder.maxSize: 4096
?[m[?[37m2022-02-21 13:19:18,209 [Test worker] DEBUG] 2022-02-21 13:19:18.209 [Test worker] NioEventLoop - -Dio.netty.noKeySetOptimization: false
?[m[?[37m2022-02-21 13:19:18,209 [Test worker] DEBUG] 2022-02-21 13:19:18.209 [Test worker] NioEventLoop - -Dio.netty.selectorAutoRebuildThreshold: 512
?[m[?[37m2022-02-21 13:19:18,216 [Test worker] DEBUG] 2022-02-21 13:19:18.216 [Test worker] PlatformDependent - org.jctools-core.MpscChunkedArrayQueue: available
?[m[?[37m2022-02-21 13:19:18,233 [Test worker] DEBUG] 2022-02-21 13:19:18.233 [Test worker] DefaultDnsServerAddressStreamProvider - Default DNS servers: [/10.34.172.6:53, /10.32.172.6:53] (sun.net.dns.ResolverConfiguration)
?[m[?[37m2022-02-21 13:19:18,238 [Test worker] DEBUG] 2022-02-21 13:19:18.238 [Test worker] NetUtil - -Djava.net.preferIPv4Stack: false
?[m[?[37m2022-02-21 13:19:18,239 [Test worker] DEBUG] 2022-02-21 13:19:18.239 [Test worker] NetUtil - -Djava.net.preferIPv6Addresses: false
?[m[?[37m2022-02-21 13:19:18,243 [Test worker] DEBUG] 2022-02-21 13:19:18.243 [Test worker] NetUtilInitializations - Loopback interface: lo0 (lo0, 0:0:0:0:0:0:0:1%lo0)
?[m[?[37m2022-02-21 13:19:18,244 [Test worker] DEBUG] 2022-02-21 13:19:18.244 [Test worker] NetUtil - Failed to get SOMAXCONN from sysctl and file /proc/sys/net/core/somaxconn. Default: 128
?[m]]></system-out>
  <system-err><![CDATA[]]></system-err>
</testsuite>
