<?xml version="1.0" encoding="UTF-8"?>
<testsuite name="com.sensors.sensors.TestMainVerticle" tests="1" skipped="0" failures="0" errors="0" timestamp="2022-02-18T02:17:09" hostname="C02GL091MD6V" time="0.319">
  <properties/>
  <testcase name="verticle_deployed(Vertx, VertxTestContext)" classname="com.sensors.sensors.TestMainVerticle" time="0.319"/>
  <system-out><![CDATA[]]></system-out>
  <system-err><![CDATA[]]></system-err>
</testsuite>
